<?xml version="1.0" encoding="UTF-8"?>
<!-- Generated by org.testng.reporters.JUnitXMLReporter -->
<testsuite hostname="Eshas-MacBook-Pro.local" ignored="0" name="Default test" tests="6" failures="0" timestamp="10 Apr 2017 09:13:12 GMT" time="23.526" errors="0">
  <testcase name="start" time="1.232" classname="com.esha.test1.TestClass"/>
  <testcase name="verifyHomepage" time="12.317" classname="com.esha.test1.TestClass"/>
  <testcase name="verifyloginpage" time="8.487" classname="com.esha.test1.TestClass"/>
  <testcase name="verifySignUpPage" time="0.027" classname="com.esha.test1.TestClass"/>
  <testcase name="verifySignup" time="0.232" classname="com.esha.test1.TestClass"/>
  <testcase name="verifysignuplast" time="1.089" classname="com.esha.test1.TestClass"/>
</testsuite> <!-- Default test -->
